<?xml version="1.0" encoding="UTF-8"?>
<!-- Generated by org.testng.reporters.JUnitReportReporter -->
<testsuite hostname="ANVITACOMP" failures="0" tests="7" name="com.qa.opencart.tests.AccountsPageTest" time="7.960" errors="0" timestamp="2024-06-22T11:55:06 IST" skipped="0">
  <testcase classname="com.qa.opencart.tests.AccountsPageTest" name="searchTest" time="0.567"/>
  <testcase classname="com.qa.opencart.tests.AccountsPageTest" name="accPageTitleTest" time="0.033"/>
  <testcase classname="com.qa.opencart.tests.AccountsPageTest" name="searchTest" time="0.777"/>
  <testcase classname="com.qa.opencart.tests.AccountsPageTest" name="accPageHeadersTest" time="0.231"/>
  <testcase classname="com.qa.opencart.tests.AccountsPageTest" name="searchTest" time="5.669"/>
  <testcase classname="com.qa.opencart.tests.AccountsPageTest" name="accPageURLTest" time="0.017"/>
  <testcase classname="com.qa.opencart.tests.AccountsPageTest" name="searchTest" time="0.666"/>
</testsuite> <!-- com.qa.opencart.tests.AccountsPageTest -->
