<?xml version="1.0" encoding="UTF-8"?>
<!-- Generated by org.testng.reporters.JUnitReportReporter -->
<testsuite hostname="ANVITACOMP" failures="0" tests="7" name="com.qa.opencart.tests.AccountsPageTest" time="15.354" errors="0" timestamp="2024-07-07T14:33:43 IST" skipped="0">
  <testcase classname="com.qa.opencart.tests.AccountsPageTest" name="searchTest" time="1.106"/>
  <testcase classname="com.qa.opencart.tests.AccountsPageTest" name="searchTest" time="1.394"/>
  <testcase classname="com.qa.opencart.tests.AccountsPageTest" name="searchTest" time="11.088"/>
  <testcase classname="com.qa.opencart.tests.AccountsPageTest" name="accPageTitleTest" time="0.054"/>
  <testcase classname="com.qa.opencart.tests.AccountsPageTest" name="accPageURLTest" time="0.029"/>
  <testcase classname="com.qa.opencart.tests.AccountsPageTest" name="accPageHeadersTest" time="0.217"/>
  <testcase classname="com.qa.opencart.tests.AccountsPageTest" name="searchTest" time="1.466"/>
</testsuite> <!-- com.qa.opencart.tests.AccountsPageTest -->
