<?xml version="1.0" encoding="UTF-8"?>
<!-- Generated by org.testng.reporters.JUnitReportReporter -->
<testsuite hostname="ANVITACOMP" failures="0" tests="4" name="com.qa.opencart.tests.LoginPageTest" time="0.847" errors="0" timestamp="2024-07-06T13:30:29 IST" skipped="0">
  <testcase classname="com.qa.opencart.tests.LoginPageTest" name="loginPageTitleTest" time="0.103"/>
  <testcase classname="com.qa.opencart.tests.LoginPageTest" name="loginPageURLTest" time="0.024"/>
  <testcase classname="com.qa.opencart.tests.LoginPageTest" name="forgotPwdLinkExistTest" time="0.043"/>
  <testcase classname="com.qa.opencart.tests.LoginPageTest" name="loginTest" time="0.677"/>
</testsuite> <!-- com.qa.opencart.tests.LoginPageTest -->
