<?xml version="1.0" encoding="UTF-8"?>
<!-- Generated by org.testng.reporters.JUnitReportReporter -->
<testsuite hostname="ANVITACOMP" failures="0" tests="4" name="com.qa.opencart.tests.LoginPageTest" time="1.188" errors="0" timestamp="2024-07-07T15:20:15 IST" skipped="0">
  <testcase classname="com.qa.opencart.tests.LoginPageTest" name="loginPageTitleTest" time="0.191"/>
  <testcase classname="com.qa.opencart.tests.LoginPageTest" name="loginPageURLTest" time="0.038"/>
  <testcase classname="com.qa.opencart.tests.LoginPageTest" name="forgotPwdLinkExistTest" time="0.077"/>
  <testcase classname="com.qa.opencart.tests.LoginPageTest" name="loginTest" time="0.882"/>
</testsuite> <!-- com.qa.opencart.tests.LoginPageTest -->
