<?xml version="1.0" encoding="UTF-8"?>
<!-- Generated by org.testng.reporters.JUnitReportReporter -->
<testsuite hostname="ANVITACOMP" failures="0" tests="4" name="com.qa.opencart.tests.LoginPageTest" time="4.058" errors="0" timestamp="2024-06-26T23:07:53 IST" skipped="0">
  <testcase classname="com.qa.opencart.tests.LoginPageTest" name="loginPageTitleTest" time="0.088"/>
  <testcase classname="com.qa.opencart.tests.LoginPageTest" name="loginPageURLTest" time="0.026"/>
  <testcase classname="com.qa.opencart.tests.LoginPageTest" name="forgotPwdLinkExistTest" time="0.632"/>
  <testcase classname="com.qa.opencart.tests.LoginPageTest" name="loginTest" time="3.312"/>
</testsuite> <!-- com.qa.opencart.tests.LoginPageTest -->
