<?xml version="1.0" encoding="UTF-8"?>
<!-- Generated by org.testng.reporters.JUnitReportReporter -->
<testsuite hostname="ANVITACOMP" failures="0" tests="7" name="com.qa.opencart.tests.AccountsPageTest" time="20.596" errors="0" timestamp="2024-07-16T17:03:03 IST" skipped="0">
  <testcase classname="com.qa.opencart.tests.AccountsPageTest" name="accPageHeadersTest" time="2.214"/>
  <testcase classname="com.qa.opencart.tests.AccountsPageTest" name="searchTest" time="1.917"/>
  <testcase classname="com.qa.opencart.tests.AccountsPageTest" name="accPageTitleTest" time="0.213"/>
  <testcase classname="com.qa.opencart.tests.AccountsPageTest" name="accPageURLTest" time="0.181"/>
  <testcase classname="com.qa.opencart.tests.AccountsPageTest" name="searchTest" time="2.649"/>
  <testcase classname="com.qa.opencart.tests.AccountsPageTest" name="searchTest" time="11.319"/>
  <testcase classname="com.qa.opencart.tests.AccountsPageTest" name="searchTest" time="2.103"/>
</testsuite> <!-- com.qa.opencart.tests.AccountsPageTest -->
